<?xml version="1.0" encoding="UTF-8"?>
<!-- Generated by org.testng.reporters.JUnitReportReporter -->
<testsuite skipped="3" hostname="DESKTOP-ERBGCVT" name="SnapTrude.SeleniumTest.tests" tests="4" failures="0" timestamp="19 Mar 2018 11:40:39 GMT" time="11.909" errors="0">
  <testcase name="validEmailPassLogin" time="11.909" classname="SnapTrude.SeleniumTest.tests"/>
  <testcase name="emptyEmailValue" classname="SnapTrude.SeleniumTest.tests">
    <skipped/>
  </testcase> <!-- emptyEmailValue -->
  <testcase name="validEmailValue" classname="SnapTrude.SeleniumTest.tests">
    <skipped/>
  </testcase> <!-- validEmailValue -->
  <testcase name="invalidEmailValue" classname="SnapTrude.SeleniumTest.tests">
    <skipped/>
  </testcase> <!-- invalidEmailValue -->
</testsuite> <!-- SnapTrude.SeleniumTest.tests -->
